[12:46:24] [ServerMain/INFO]: Environment: Environment[sessionHost=https://sessionserver.mojang.com, servicesHost=https://api.minecraftservices.com, name=PROD]
[12:46:28] [ServerMain/INFO]: Loaded 1373 recipes
[12:46:28] [ServerMain/INFO]: Loaded 1484 advancements
[12:46:28] [Server thread/INFO]: Starting minecraft server version 1.21.5
[12:46:28] [Server thread/INFO]: Loading properties
[12:46:28] [Server thread/INFO]: Default game type: SURVIVAL
[12:46:28] [Server thread/INFO]: Generating keypair
[12:46:29] [Server thread/INFO]: Starting Minecraft server on *:25565
[12:46:29] [Server thread/INFO]: Using epoll channel type
[12:46:29] [Server thread/WARN]: **** SERVER IS RUNNING IN OFFLINE/INSECURE MODE!
[12:46:29] [Server thread/WARN]: The server will make no attempt to authenticate usernames. Beware.
[12:46:29] [Server thread/WARN]: While this makes the game possible to play without internet access, it also opens up the ability for hackers to connect with any username they choose.
[12:46:29] [Server thread/WARN]: To change this, set "online-mode" to "true" in the server.properties file.
[12:46:29] [Server thread/INFO]: Preparing level "world"
[12:46:30] [Server thread/INFO]: Preparing start region for dimension minecraft:overworld
[12:46:40] [Worker-Main-1/INFO]: Preparing spawn area: 0%
[12:46:40] [Worker-Main-1/INFO]: Preparing spawn area: 0%
[12:46:40] [Worker-Main-1/INFO]: Preparing spawn area: 0%
[12:46:40] [Worker-Main-1/INFO]: Preparing spawn area: 0%
[12:46:40] [Worker-Main-1/INFO]: Preparing spawn area: 0%
[12:46:40] [Worker-Main-1/INFO]: Preparing spawn area: 0%
[12:46:40] [Worker-Main-1/INFO]: Preparing spawn area: 0%
[12:46:40] [Worker-Main-1/INFO]: Preparing spawn area: 0%
[12:46:40] [Worker-Main-1/INFO]: Preparing spawn area: 0%
[12:46:40] [Worker-Main-1/INFO]: Preparing spawn area: 0%
[12:46:40] [Worker-Main-1/INFO]: Preparing spawn area: 0%
[12:46:40] [Worker-Main-1/INFO]: Preparing spawn area: 0%
[12:46:40] [Worker-Main-1/INFO]: Preparing spawn area: 0%
[12:46:40] [Worker-Main-1/INFO]: Preparing spawn area: 0%
[12:46:40] [Worker-Main-1/INFO]: Preparing spawn area: 0%
[12:46:40] [Worker-Main-1/INFO]: Preparing spawn area: 0%
[12:46:40] [Worker-Main-1/INFO]: Preparing spawn area: 0%
[12:46:40] [Worker-Main-1/INFO]: Preparing spawn area: 0%
[12:46:40] [Worker-Main-1/INFO]: Preparing spawn area: 0%
[12:46:40] [Worker-Main-1/INFO]: Preparing spawn area: 0%
[12:46:40] [Worker-Main-1/INFO]: Preparing spawn area: 0%
[12:46:40] [Worker-Main-1/INFO]: Preparing spawn area: 0%
[12:46:41] [Server thread/INFO]: Time elapsed: 11122 ms
[12:46:41] [Server thread/INFO]: Done (11.949s)! For help, type "help"
[12:47:02] [Server thread/INFO]: fizennn[/14.235.21.84:53400] logged in with entity id 34 at (-100.03604999883314, 96.0, -35.90913594109651)
[12:47:02] [Server thread/INFO]: fizennn joined the game
[12:48:00] [Server thread/INFO]: fizennn lost connection: Disconnected
[12:48:00] [Server thread/INFO]: fizennn left the game
[12:49:00] [Server thread/INFO]: Server empty for 60 seconds, pausing
[12:51:34] [Server thread/INFO]: fizennn[/14.235.21.84:53407] logged in with entity id 556 at (-214.51698119163538, 111.0, -123.31543535143396)
[12:51:35] [Server thread/INFO]: fizennn joined the game
[12:51:37] [Server thread/INFO]: fizennn lost connection: Disconnected
[12:51:37] [Server thread/INFO]: fizennn left the game
[12:52:37] [Server thread/INFO]: Server empty for 60 seconds, pausing
[12:59:47] [Server thread/INFO]: fizennn[/14.235.21.84:53449] logged in with entity id 715 at (-214.51698119163538, 111.0, -123.31543535143396)
[12:59:47] [Server thread/INFO]: fizennn joined the game
[13:00:36] [Server thread/INFO]: fizennn lost connection: Disconnected
[13:00:36] [Server thread/INFO]: fizennn left the game
[13:01:36] [Server thread/INFO]: Server empty for 60 seconds, pausing
[13:04:54] [Server thread/INFO]: fizennn[/14.235.21.84:53505] logged in with entity id 1113 at (-184.73655093738378, 106.0, -168.25444067217643)
[13:04:55] [Server thread/INFO]: fizennn joined the game
[13:05:20] [Server thread/INFO]: fizennn was blown up by Creeper
[13:06:02] [Server thread/WARN]: fizennn moved too quickly! -1.9147440399248523,-8.433491312602868,-6.049463847636488
[13:06:23] [Server thread/INFO]: fizennn was slain by Spider
[13:09:08] [Server thread/INFO]: fizennn has made the advancement [Monster Hunter]
[13:11:38] [Server thread/WARN]: Can't keep up! Is the server overloaded? Running 68207ms or 1364 ticks behind
[13:11:38] [Server Watchdog/ERROR]: A single server tick took 67.86 seconds (should be max 0.05)
[13:11:38] [Server Watchdog/ERROR]: Considering it to be crashed, server will forcibly shutdown.
[13:11:39] [Server thread/INFO]: fizennn lost connection: Disconnected
[13:11:39] [Server thread/INFO]: fizennn left the game
[13:11:40] [Server thread/INFO]: fizennn (/14.235.21.84:53699) lost connection: Disconnected
[13:11:41] [Server Watchdog/ERROR]: This crash report has been saved to: /home/ubuntu/minecraft/MinecraftServer/crash-reports/crash-2025-04-28_13.11.41-server.txt
[13:11:41] [Server thread/INFO]: Stopping server
[13:11:41] [Server thread/INFO]: Saving players
[13:11:41] [Server thread/INFO]: Saving worlds
